
=== Wed Jan  5 11:06:33 2022

Packages were changed.
Update Mode: updateDependencies

The following packages were added:
  com.unity.2d.sprite@1.0.0
  com.unity.2d.tilemap@1.0.0
  com.unity.ads@3.4.7
  com.unity.analytics@3.3.5
  com.unity.multiplayer-hlapi@1.0.6
  com.unity.purchasing@2.0.6
  com.unity.xr.legacyinputhelpers@2.1.4

=== Wed Jul 30 11:42:51 2025

Packages were changed.
Update Mode: updateDependencies

The following packages were added:
  com.unity.ide.visualstudio@2.0.22
  com.unity.ai.navigation@1.1.5
The following packages were updated:
  com.unity.ads from version 3.4.7 to 4.4.2
  com.unity.analytics from version 3.3.5 to 3.8.1
  com.unity.collab-proxy from version 1.2.16 to 2.3.1
  com.unity.ide.rider from version 1.1.4 to 3.0.28
  com.unity.ide.vscode from version 1.2.1 to 1.2.5
  com.unity.inputsystem from version 1.0.2 to 1.7.0
  com.unity.purchasing from version 2.0.6 to 4.11.0
  com.unity.test-framework from version 1.1.16 to 1.1.33
  com.unity.textmeshpro from version 2.1.1 to 3.0.6
  com.unity.timeline from version 1.2.16 to 1.7.6
  com.unity.xr.legacyinputhelpers from version 2.1.4 to 2.1.10
  com.unity.xr.management from version 3.2.16 to 4.4.0
  com.unity.xr.oculus from version 1.4.3 to 4.2.0
The following packages were removed:
  com.unity.multiplayer-hlapi@1.0.6
